<?xml version="1.0" encoding="UTF-8"?>
<!-- Generated by org.testng.reporters.JUnitReportReporter -->
<testsuite hostname="LAPTOP-PJUP126P" failures="0" tests="1" name="phase5.Register" time="12.469" errors="0" timestamp="2022-10-07T18:35:02 IST" skipped="0">
  <testcase classname="phase5.Register" name="FlipcartRegisterTest" time="12.469"/>
  <system-out/>
</testsuite> <!-- phase5.Register -->
