<?xml version="1.0" encoding="UTF-8"?>
<!-- Generated by org.testng.reporters.JUnitReportReporter -->
<testsuite hostname="LAPTOP-PJUP126P" failures="0" tests="1" name="phase5.Testautomate" time="30.907" errors="0" timestamp="2022-10-07T19:14:52 IST" skipped="0">
  <testcase classname="phase5.Testautomate" name="Registeration" time="30.907"/>
  <system-out/>
</testsuite> <!-- phase5.Testautomate -->
