<?xml version="1.0" encoding="UTF-8"?>
<!-- Generated by org.testng.reporters.JUnitReportReporter -->
<testsuite hostname="LAPTOP-PJUP126P" failures="0" tests="1" name="test.waittest" time="49.213" errors="0" timestamp="2022-10-05T16:20:39 IST" skipped="0">
  <testcase classname="test.waittest" name="testUntitled" time="49.213"/>
</testsuite> <!-- test.waittest -->
