<?xml version="1.0" encoding="UTF-8"?>
<!-- Generated by org.testng.reporters.JUnitReportReporter -->
<testsuite hostname="LAPTOP-PJUP126P" failures="0" tests="1" name="test.xpatheg" time="10.584" errors="0" timestamp="2022-10-05T15:19:26 IST" skipped="0">
  <testcase classname="test.xpatheg" name="f" time="10.584"/>
</testsuite> <!-- test.xpatheg -->
