<?xml version="1.0" encoding="UTF-8"?>
<!-- Generated by org.testng.reporters.JUnitReportReporter -->
<testsuite hostname="LAPTOP-PJUP126P" failures="0" tests="1" name="test.Fluentwaiteg" time="17.382" errors="0" timestamp="2022-10-05T17:14:49 IST" skipped="0">
  <testcase classname="test.Fluentwaiteg" name="f" time="17.382"/>
</testsuite> <!-- test.Fluentwaiteg -->
