<?xml version="1.0" encoding="UTF-8"?>
<!-- Generated by org.testng.reporters.JUnitReportReporter -->
<testsuite hostname="LAPTOP-PJUP126P" failures="0" tests="1" name="test.NewTestDemo" time="13.883" errors="0" timestamp="2022-10-05T11:36:53 IST" skipped="0">
  <testcase classname="test.NewTestDemo" name="f" time="13.883"/>
</testsuite> <!-- test.NewTestDemo -->
