<?xml version="1.0" encoding="UTF-8"?>
<!-- Generated by org.testng.reporters.JUnitReportReporter -->
<testsuite hostname="LAPTOP-PJUP126P" failures="0" tests="1" name="test.Scrnsht" time="87.454" errors="0" timestamp="2022-10-05T14:51:19 IST" skipped="0">
  <testcase classname="test.Scrnsht" name="f" time="87.454"/>
</testsuite> <!-- test.Scrnsht -->
