<?xml version="1.0" encoding="UTF-8"?>
<!-- Generated by org.testng.reporters.JUnitReportReporter -->
<testsuite hostname="LAPTOP-PJUP126P" failures="0" tests="1" name="test.NewTest" time="18.876" errors="0" timestamp="2022-10-04T17:36:28 IST" skipped="0">
  <testcase classname="test.NewTest" name="f" time="18.876"/>
</testsuite> <!-- test.NewTest -->
